<?xml version="1.0" encoding="UTF-8"?>
<!-- Generated by org.testng.reporters.JUnitReportReporter -->
<testsuite hostname="deepaksharma-HP" name="TestYahooNews" tests="1" failures="0" timestamp="21 Sep 2014 12:03:34 GMT" time="0.000" errors="0">
  <testcase name="test2" time="0.000" classname="TestYahooNews"/>
</testsuite> <!-- TestYahooNews -->
