<?xml version="1.0" encoding="UTF-8"?>
<!-- Generated by org.testng.reporters.JUnitReportReporter -->
<testsuite hostname="deepaksharma-HP" name="Sample_test" tests="2" failures="0" timestamp="21 Sep 2014 11:26:53 GMT" time="0.007" errors="0">
  <testcase name="test1" time="0.006" classname="Sample_test"/>
  <testcase name="test2" time="0.001" classname="Sample_test"/>
</testsuite> <!-- Sample_test -->
