<?xml version="1.0" encoding="UTF-8"?>
<!-- Generated by org.testng.reporters.JUnitReportReporter -->
<testsuite hostname="deepaksharma-HP" name="test.YahooMail" tests="2" failures="0" timestamp="15 Oct 2014 06:41:26 GMT" time="0.000" errors="0">
  <testcase name="test2" time="0.000" classname="test.YahooMail"/>
  <testcase name="test1" time="0.000" classname="test.YahooMail"/>
</testsuite>
